<?xml version="1.0" encoding="UTF-8"?>
<!-- Generated by org.testng.reporters.JUnitReportReporter -->
<testsuite hostname="DESKTOP-OR66TG5" failures="0" tests="1" name="Autominiprjct.Firstmini" time="11.876" errors="0" timestamp="2024-03-20T15:58:39 IST" skipped="0">
  <testcase classname="Autominiprjct.Firstmini" name="bageecha" time="11.876"/>
</testsuite> <!-- Autominiprjct.Firstmini -->
